[INFO] [2017-11-09 15:39:39][org.springframework.test.context.support.DefaultTestContextBootstrapper]Loaded default TestExecutionListener class names from location [META-INF/spring.factories]: [org.springframework.test.context.web.ServletTestExecutionListener, org.springframework.test.context.support.DirtiesContextBeforeModesTestExecutionListener, org.springframework.test.context.support.DependencyInjectionTestExecutionListener, org.springframework.test.context.support.DirtiesContextTestExecutionListener, org.springframework.test.context.transaction.TransactionalTestExecutionListener, org.springframework.test.context.jdbc.SqlScriptsTestExecutionListener]
[INFO] [2017-11-09 15:39:39][org.springframework.test.context.support.DefaultTestContextBootstrapper]Using TestExecutionListeners: [org.springframework.test.context.web.ServletTestExecutionListener@7eb4b58e, org.springframework.test.context.support.DirtiesContextBeforeModesTestExecutionListener@9fbbe9f, org.springframework.test.context.support.DependencyInjectionTestExecutionListener@6e9fbdd7, org.springframework.test.context.support.DirtiesContextTestExecutionListener@3968a6fe, org.springframework.test.context.transaction.TransactionalTestExecutionListener@5ab8b24, org.springframework.test.context.jdbc.SqlScriptsTestExecutionListener@413beb64]
[INFO] [2017-11-09 15:39:40][org.springframework.beans.factory.xml.XmlBeanDefinitionReader]Loading XML bean definitions from class path resource [spring-mybatis.xml]
[INFO] [2017-11-09 15:39:40][org.springframework.context.support.GenericApplicationContext]Refreshing org.springframework.context.support.GenericApplicationContext@7546a399: startup date [Thu Nov 09 15:39:40 CST 2017]; root of context hierarchy
[WARN] [2017-11-09 15:39:40][org.mybatis.spring.mapper.ClassPathMapperScanner]No MyBatis mapper was found in '[com.test.ssm.dao]' package. Please check your configuration.
[INFO] [2017-11-09 15:39:40][org.springframework.beans.factory.config.PropertyPlaceholderConfigurer]Loading properties file from class path resource [jdbc.properties]
[INFO] [2017-11-09 15:39:40][org.springframework.beans.factory.annotation.AutowiredAnnotationBeanPostProcessor]JSR-330 'javax.inject.Inject' annotation found and supported for autowiring
[WARN] [2017-11-09 15:39:40][org.springframework.context.support.GenericApplicationContext]Exception encountered during context initialization - cancelling refresh attempt: org.springframework.beans.factory.BeanCreationException: Error creating bean with name 'sqlSessionFactory' defined in class path resource [spring-mybatis.xml]: Initialization of bean failed; nested exception is org.springframework.beans.TypeMismatchException: Failed to convert property value of type [java.lang.String] to required type [org.springframework.core.io.Resource[]] for property 'mapperLocations'; nested exception is java.lang.IllegalArgumentException: Could not resolve resource location pattern [classpath:com/test/ssm/mapper/*.xml]: class path resource [com/test/ssm/mapper/] cannot be resolved to URL because it does not exist
[ERROR] [2017-11-09 15:39:40][org.springframework.test.context.TestContextManager]Caught exception while allowing TestExecutionListener [org.springframework.test.context.support.DependencyInjectionTestExecutionListener@6e9fbdd7] to prepare test instance [com.test.TestMyBatisBySpring@1d76e81]
java.lang.IllegalStateException: Failed to load ApplicationContext
	at org.springframework.test.context.cache.DefaultCacheAwareContextLoaderDelegate.loadContext(DefaultCacheAwareContextLoaderDelegate.java:124)
	at org.springframework.test.context.support.DefaultTestContext.getApplicationContext(DefaultTestContext.java:83)
	at org.springframework.test.context.support.DependencyInjectionTestExecutionListener.injectDependencies(DependencyInjectionTestExecutionListener.java:117)
	at org.springframework.test.context.support.DependencyInjectionTestExecutionListener.prepareTestInstance(DependencyInjectionTestExecutionListener.java:83)
	at org.springframework.test.context.TestContextManager.prepareTestInstance(TestContextManager.java:230)
	at org.springframework.test.context.junit4.SpringJUnit4ClassRunner.createTest(SpringJUnit4ClassRunner.java:228)
	at org.springframework.test.context.junit4.SpringJUnit4ClassRunner$1.runReflectiveCall(SpringJUnit4ClassRunner.java:287)
	at org.junit.internal.runners.model.ReflectiveCallable.run(ReflectiveCallable.java:12)
	at org.springframework.test.context.junit4.SpringJUnit4ClassRunner.methodBlock(SpringJUnit4ClassRunner.java:289)
	at org.springframework.test.context.junit4.SpringJUnit4ClassRunner.runChild(SpringJUnit4ClassRunner.java:247)
	at org.springframework.test.context.junit4.SpringJUnit4ClassRunner.runChild(SpringJUnit4ClassRunner.java:94)
	at org.junit.runners.ParentRunner$3.run(ParentRunner.java:290)
	at org.junit.runners.ParentRunner$1.schedule(ParentRunner.java:71)
	at org.junit.runners.ParentRunner.runChildren(ParentRunner.java:288)
	at org.junit.runners.ParentRunner.access$000(ParentRunner.java:58)
	at org.junit.runners.ParentRunner$2.evaluate(ParentRunner.java:268)
	at org.springframework.test.context.junit4.statements.RunBeforeTestClassCallbacks.evaluate(RunBeforeTestClassCallbacks.java:61)
	at org.springframework.test.context.junit4.statements.RunAfterTestClassCallbacks.evaluate(RunAfterTestClassCallbacks.java:70)
	at org.junit.runners.ParentRunner.run(ParentRunner.java:363)
	at org.springframework.test.context.junit4.SpringJUnit4ClassRunner.run(SpringJUnit4ClassRunner.java:191)
	at org.eclipse.jdt.internal.junit4.runner.JUnit4TestReference.run(JUnit4TestReference.java:86)
	at org.eclipse.jdt.internal.junit.runner.TestExecution.run(TestExecution.java:38)
	at org.eclipse.jdt.internal.junit.runner.RemoteTestRunner.runTests(RemoteTestRunner.java:459)
	at org.eclipse.jdt.internal.junit.runner.RemoteTestRunner.runTests(RemoteTestRunner.java:675)
	at org.eclipse.jdt.internal.junit.runner.RemoteTestRunner.run(RemoteTestRunner.java:382)
	at org.eclipse.jdt.internal.junit.runner.RemoteTestRunner.main(RemoteTestRunner.java:192)
Caused by: org.springframework.beans.factory.BeanCreationException: Error creating bean with name 'sqlSessionFactory' defined in class path resource [spring-mybatis.xml]: Initialization of bean failed; nested exception is org.springframework.beans.TypeMismatchException: Failed to convert property value of type [java.lang.String] to required type [org.springframework.core.io.Resource[]] for property 'mapperLocations'; nested exception is java.lang.IllegalArgumentException: Could not resolve resource location pattern [classpath:com/test/ssm/mapper/*.xml]: class path resource [com/test/ssm/mapper/] cannot be resolved to URL because it does not exist
	at org.springframework.beans.factory.support.AbstractAutowireCapableBeanFactory.doCreateBean(AbstractAutowireCapableBeanFactory.java:553)
	at org.springframework.beans.factory.support.AbstractAutowireCapableBeanFactory.createBean(AbstractAutowireCapableBeanFactory.java:482)
	at org.springframework.beans.factory.support.AbstractBeanFactory$1.getObject(AbstractBeanFactory.java:306)
	at org.springframework.beans.factory.support.DefaultSingletonBeanRegistry.getSingleton(DefaultSingletonBeanRegistry.java:230)
	at org.springframework.beans.factory.support.AbstractBeanFactory.doGetBean(AbstractBeanFactory.java:302)
	at org.springframework.beans.factory.support.AbstractBeanFactory.getBean(AbstractBeanFactory.java:197)
	at org.springframework.beans.factory.support.DefaultListableBeanFactory.preInstantiateSingletons(DefaultListableBeanFactory.java:732)
	at org.springframework.context.support.AbstractApplicationContext.finishBeanFactoryInitialization(AbstractApplicationContext.java:861)
	at org.springframework.context.support.AbstractApplicationContext.refresh(AbstractApplicationContext.java:541)
	at org.springframework.test.context.support.AbstractGenericContextLoader.loadContext(AbstractGenericContextLoader.java:128)
	at org.springframework.test.context.support.AbstractGenericContextLoader.loadContext(AbstractGenericContextLoader.java:60)
	at org.springframework.test.context.support.AbstractDelegatingSmartContextLoader.delegateLoading(AbstractDelegatingSmartContextLoader.java:108)
	at org.springframework.test.context.support.AbstractDelegatingSmartContextLoader.loadContext(AbstractDelegatingSmartContextLoader.java:251)
	at org.springframework.test.context.cache.DefaultCacheAwareContextLoaderDelegate.loadContextInternal(DefaultCacheAwareContextLoaderDelegate.java:98)
	at org.springframework.test.context.cache.DefaultCacheAwareContextLoaderDelegate.loadContext(DefaultCacheAwareContextLoaderDelegate.java:116)
	... 25 more
Caused by: org.springframework.beans.TypeMismatchException: Failed to convert property value of type [java.lang.String] to required type [org.springframework.core.io.Resource[]] for property 'mapperLocations'; nested exception is java.lang.IllegalArgumentException: Could not resolve resource location pattern [classpath:com/test/ssm/mapper/*.xml]: class path resource [com/test/ssm/mapper/] cannot be resolved to URL because it does not exist
	at org.springframework.beans.AbstractNestablePropertyAccessor.convertIfNecessary(AbstractNestablePropertyAccessor.java:596)
	at org.springframework.beans.AbstractNestablePropertyAccessor.convertForProperty(AbstractNestablePropertyAccessor.java:603)
	at org.springframework.beans.BeanWrapperImpl.convertForProperty(BeanWrapperImpl.java:216)
	at org.springframework.beans.factory.support.AbstractAutowireCapableBeanFactory.convertForProperty(AbstractAutowireCapableBeanFactory.java:1532)
	at org.springframework.beans.factory.support.AbstractAutowireCapableBeanFactory.applyPropertyValues(AbstractAutowireCapableBeanFactory.java:1491)
	at org.springframework.beans.factory.support.AbstractAutowireCapableBeanFactory.populateBean(AbstractAutowireCapableBeanFactory.java:1231)
	at org.springframework.beans.factory.support.AbstractAutowireCapableBeanFactory.doCreateBean(AbstractAutowireCapableBeanFactory.java:543)
	... 39 more
Caused by: java.lang.IllegalArgumentException: Could not resolve resource location pattern [classpath:com/test/ssm/mapper/*.xml]: class path resource [com/test/ssm/mapper/] cannot be resolved to URL because it does not exist
	at org.springframework.core.io.support.ResourceArrayPropertyEditor.setAsText(ResourceArrayPropertyEditor.java:116)
	at org.springframework.beans.TypeConverterDelegate.doConvertTextValue(TypeConverterDelegate.java:468)
	at org.springframework.beans.TypeConverterDelegate.doConvertValue(TypeConverterDelegate.java:441)
	at org.springframework.beans.TypeConverterDelegate.convertIfNecessary(TypeConverterDelegate.java:199)
	at org.springframework.beans.AbstractNestablePropertyAccessor.convertIfNecessary(AbstractNestablePropertyAccessor.java:576)
	... 45 more
[INFO] [2017-11-09 15:41:35][org.springframework.context.support.ClassPathXmlApplicationContext]Refreshing org.springframework.context.support.ClassPathXmlApplicationContext@1f022eb0: startup date [Thu Nov 09 15:41:35 CST 2017]; root of context hierarchy
[INFO] [2017-11-09 15:41:35][org.springframework.beans.factory.xml.XmlBeanDefinitionReader]Loading XML bean definitions from class path resource [spring-mybatis.xml]
[WARN] [2017-11-09 15:41:36][org.mybatis.spring.mapper.ClassPathMapperScanner]No MyBatis mapper was found in '[com.test.ssm.dao]' package. Please check your configuration.
[INFO] [2017-11-09 15:41:36][org.springframework.beans.factory.config.PropertyPlaceholderConfigurer]Loading properties file from class path resource [jdbc.properties]
[INFO] [2017-11-09 15:41:36][org.springframework.beans.factory.annotation.AutowiredAnnotationBeanPostProcessor]JSR-330 'javax.inject.Inject' annotation found and supported for autowiring
[WARN] [2017-11-09 15:41:36][org.springframework.context.support.ClassPathXmlApplicationContext]Exception encountered during context initialization - cancelling refresh attempt: org.springframework.beans.factory.BeanCreationException: Error creating bean with name 'sqlSessionFactory' defined in class path resource [spring-mybatis.xml]: Initialization of bean failed; nested exception is org.springframework.beans.TypeMismatchException: Failed to convert property value of type [java.lang.String] to required type [org.springframework.core.io.Resource[]] for property 'mapperLocations'; nested exception is java.lang.IllegalArgumentException: Could not resolve resource location pattern [classpath:com/test/ssm/mapper/*.xml]: class path resource [com/test/ssm/mapper/] cannot be resolved to URL because it does not exist
[INFO] [2017-11-09 15:44:26][org.springframework.test.context.support.DefaultTestContextBootstrapper]Loaded default TestExecutionListener class names from location [META-INF/spring.factories]: [org.springframework.test.context.web.ServletTestExecutionListener, org.springframework.test.context.support.DirtiesContextBeforeModesTestExecutionListener, org.springframework.test.context.support.DependencyInjectionTestExecutionListener, org.springframework.test.context.support.DirtiesContextTestExecutionListener, org.springframework.test.context.transaction.TransactionalTestExecutionListener, org.springframework.test.context.jdbc.SqlScriptsTestExecutionListener]
[INFO] [2017-11-09 15:44:26][org.springframework.test.context.support.DefaultTestContextBootstrapper]Using TestExecutionListeners: [org.springframework.test.context.web.ServletTestExecutionListener@7f3a4a2f, org.springframework.test.context.support.DirtiesContextBeforeModesTestExecutionListener@4bdc94ea, org.springframework.test.context.support.DependencyInjectionTestExecutionListener@7eb4b58e, org.springframework.test.context.support.DirtiesContextTestExecutionListener@9fbbe9f, org.springframework.test.context.transaction.TransactionalTestExecutionListener@6e9fbdd7, org.springframework.test.context.jdbc.SqlScriptsTestExecutionListener@3968a6fe]
[INFO] [2017-11-09 15:44:26][org.springframework.beans.factory.xml.XmlBeanDefinitionReader]Loading XML bean definitions from class path resource [spring-mybatis.xml]
[INFO] [2017-11-09 15:44:26][org.springframework.context.support.GenericApplicationContext]Refreshing org.springframework.context.support.GenericApplicationContext@77764cb8: startup date [Thu Nov 09 15:44:26 CST 2017]; root of context hierarchy
[WARN] [2017-11-09 15:44:26][org.mybatis.spring.mapper.ClassPathMapperScanner]No MyBatis mapper was found in '[com.test.ssm.dao]' package. Please check your configuration.
[INFO] [2017-11-09 15:44:26][org.springframework.beans.factory.config.PropertyPlaceholderConfigurer]Loading properties file from class path resource [jdbc.properties]
[INFO] [2017-11-09 15:44:26][org.springframework.beans.factory.annotation.AutowiredAnnotationBeanPostProcessor]JSR-330 'javax.inject.Inject' annotation found and supported for autowiring
[WARN] [2017-11-09 15:44:26][org.springframework.context.support.GenericApplicationContext]Exception encountered during context initialization - cancelling refresh attempt: org.springframework.beans.factory.BeanCreationException: Error creating bean with name 'sqlSessionFactory' defined in class path resource [spring-mybatis.xml]: Initialization of bean failed; nested exception is org.springframework.beans.TypeMismatchException: Failed to convert property value of type [java.lang.String] to required type [org.springframework.core.io.Resource[]] for property 'mapperLocations'; nested exception is java.lang.IllegalArgumentException: Could not resolve resource location pattern [classpath:com/test/ssm/mapper/*.xml]: class path resource [com/test/ssm/mapper/] cannot be resolved to URL because it does not exist
[ERROR] [2017-11-09 15:44:26][org.springframework.test.context.TestContextManager]Caught exception while allowing TestExecutionListener [org.springframework.test.context.support.DependencyInjectionTestExecutionListener@7eb4b58e] to prepare test instance [com.test.TestMyBatisBySpring@3db040b6]
java.lang.IllegalStateException: Failed to load ApplicationContext
	at org.springframework.test.context.cache.DefaultCacheAwareContextLoaderDelegate.loadContext(DefaultCacheAwareContextLoaderDelegate.java:124)
	at org.springframework.test.context.support.DefaultTestContext.getApplicationContext(DefaultTestContext.java:83)
	at org.springframework.test.context.support.DependencyInjectionTestExecutionListener.injectDependencies(DependencyInjectionTestExecutionListener.java:117)
	at org.springframework.test.context.support.DependencyInjectionTestExecutionListener.prepareTestInstance(DependencyInjectionTestExecutionListener.java:83)
	at org.springframework.test.context.TestContextManager.prepareTestInstance(TestContextManager.java:230)
	at org.springframework.test.context.junit4.SpringJUnit4ClassRunner.createTest(SpringJUnit4ClassRunner.java:228)
	at org.springframework.test.context.junit4.SpringJUnit4ClassRunner$1.runReflectiveCall(SpringJUnit4ClassRunner.java:287)
	at org.junit.internal.runners.model.ReflectiveCallable.run(ReflectiveCallable.java:12)
	at org.springframework.test.context.junit4.SpringJUnit4ClassRunner.methodBlock(SpringJUnit4ClassRunner.java:289)
	at org.springframework.test.context.junit4.SpringJUnit4ClassRunner.runChild(SpringJUnit4ClassRunner.java:247)
	at org.springframework.test.context.junit4.SpringJUnit4ClassRunner.runChild(SpringJUnit4ClassRunner.java:94)
	at org.junit.runners.ParentRunner$3.run(ParentRunner.java:290)
	at org.junit.runners.ParentRunner$1.schedule(ParentRunner.java:71)
	at org.junit.runners.ParentRunner.runChildren(ParentRunner.java:288)
	at org.junit.runners.ParentRunner.access$000(ParentRunner.java:58)
	at org.junit.runners.ParentRunner$2.evaluate(ParentRunner.java:268)
	at org.springframework.test.context.junit4.statements.RunBeforeTestClassCallbacks.evaluate(RunBeforeTestClassCallbacks.java:61)
	at org.springframework.test.context.junit4.statements.RunAfterTestClassCallbacks.evaluate(RunAfterTestClassCallbacks.java:70)
	at org.junit.runners.ParentRunner.run(ParentRunner.java:363)
	at org.springframework.test.context.junit4.SpringJUnit4ClassRunner.run(SpringJUnit4ClassRunner.java:191)
	at org.eclipse.jdt.internal.junit4.runner.JUnit4TestReference.run(JUnit4TestReference.java:86)
	at org.eclipse.jdt.internal.junit.runner.TestExecution.run(TestExecution.java:38)
	at org.eclipse.jdt.internal.junit.runner.RemoteTestRunner.runTests(RemoteTestRunner.java:459)
	at org.eclipse.jdt.internal.junit.runner.RemoteTestRunner.runTests(RemoteTestRunner.java:675)
	at org.eclipse.jdt.internal.junit.runner.RemoteTestRunner.run(RemoteTestRunner.java:382)
	at org.eclipse.jdt.internal.junit.runner.RemoteTestRunner.main(RemoteTestRunner.java:192)
Caused by: org.springframework.beans.factory.BeanCreationException: Error creating bean with name 'sqlSessionFactory' defined in class path resource [spring-mybatis.xml]: Initialization of bean failed; nested exception is org.springframework.beans.TypeMismatchException: Failed to convert property value of type [java.lang.String] to required type [org.springframework.core.io.Resource[]] for property 'mapperLocations'; nested exception is java.lang.IllegalArgumentException: Could not resolve resource location pattern [classpath:com/test/ssm/mapper/*.xml]: class path resource [com/test/ssm/mapper/] cannot be resolved to URL because it does not exist
	at org.springframework.beans.factory.support.AbstractAutowireCapableBeanFactory.doCreateBean(AbstractAutowireCapableBeanFactory.java:553)
	at org.springframework.beans.factory.support.AbstractAutowireCapableBeanFactory.createBean(AbstractAutowireCapableBeanFactory.java:482)
	at org.springframework.beans.factory.support.AbstractBeanFactory$1.getObject(AbstractBeanFactory.java:306)
	at org.springframework.beans.factory.support.DefaultSingletonBeanRegistry.getSingleton(DefaultSingletonBeanRegistry.java:230)
	at org.springframework.beans.factory.support.AbstractBeanFactory.doGetBean(AbstractBeanFactory.java:302)
	at org.springframework.beans.factory.support.AbstractBeanFactory.getBean(AbstractBeanFactory.java:197)
	at org.springframework.beans.factory.support.DefaultListableBeanFactory.preInstantiateSingletons(DefaultListableBeanFactory.java:732)
	at org.springframework.context.support.AbstractApplicationContext.finishBeanFactoryInitialization(AbstractApplicationContext.java:861)
	at org.springframework.context.support.AbstractApplicationContext.refresh(AbstractApplicationContext.java:541)
	at org.springframework.test.context.support.AbstractGenericContextLoader.loadContext(AbstractGenericContextLoader.java:128)
	at org.springframework.test.context.support.AbstractGenericContextLoader.loadContext(AbstractGenericContextLoader.java:60)
	at org.springframework.test.context.support.AbstractDelegatingSmartContextLoader.delegateLoading(AbstractDelegatingSmartContextLoader.java:108)
	at org.springframework.test.context.support.AbstractDelegatingSmartContextLoader.loadContext(AbstractDelegatingSmartContextLoader.java:251)
	at org.springframework.test.context.cache.DefaultCacheAwareContextLoaderDelegate.loadContextInternal(DefaultCacheAwareContextLoaderDelegate.java:98)
	at org.springframework.test.context.cache.DefaultCacheAwareContextLoaderDelegate.loadContext(DefaultCacheAwareContextLoaderDelegate.java:116)
	... 25 more
Caused by: org.springframework.beans.TypeMismatchException: Failed to convert property value of type [java.lang.String] to required type [org.springframework.core.io.Resource[]] for property 'mapperLocations'; nested exception is java.lang.IllegalArgumentException: Could not resolve resource location pattern [classpath:com/test/ssm/mapper/*.xml]: class path resource [com/test/ssm/mapper/] cannot be resolved to URL because it does not exist
	at org.springframework.beans.AbstractNestablePropertyAccessor.convertIfNecessary(AbstractNestablePropertyAccessor.java:596)
	at org.springframework.beans.AbstractNestablePropertyAccessor.convertForProperty(AbstractNestablePropertyAccessor.java:603)
	at org.springframework.beans.BeanWrapperImpl.convertForProperty(BeanWrapperImpl.java:216)
	at org.springframework.beans.factory.support.AbstractAutowireCapableBeanFactory.convertForProperty(AbstractAutowireCapableBeanFactory.java:1532)
	at org.springframework.beans.factory.support.AbstractAutowireCapableBeanFactory.applyPropertyValues(AbstractAutowireCapableBeanFactory.java:1491)
	at org.springframework.beans.factory.support.AbstractAutowireCapableBeanFactory.populateBean(AbstractAutowireCapableBeanFactory.java:1231)
	at org.springframework.beans.factory.support.AbstractAutowireCapableBeanFactory.doCreateBean(AbstractAutowireCapableBeanFactory.java:543)
	... 39 more
Caused by: java.lang.IllegalArgumentException: Could not resolve resource location pattern [classpath:com/test/ssm/mapper/*.xml]: class path resource [com/test/ssm/mapper/] cannot be resolved to URL because it does not exist
	at org.springframework.core.io.support.ResourceArrayPropertyEditor.setAsText(ResourceArrayPropertyEditor.java:116)
	at org.springframework.beans.TypeConverterDelegate.doConvertTextValue(TypeConverterDelegate.java:468)
	at org.springframework.beans.TypeConverterDelegate.doConvertValue(TypeConverterDelegate.java:441)
	at org.springframework.beans.TypeConverterDelegate.convertIfNecessary(TypeConverterDelegate.java:199)
	at org.springframework.beans.AbstractNestablePropertyAccessor.convertIfNecessary(AbstractNestablePropertyAccessor.java:576)
	... 45 more
[INFO] [2017-11-09 15:48:55][org.springframework.test.context.support.DefaultTestContextBootstrapper]Loaded default TestExecutionListener class names from location [META-INF/spring.factories]: [org.springframework.test.context.web.ServletTestExecutionListener, org.springframework.test.context.support.DirtiesContextBeforeModesTestExecutionListener, org.springframework.test.context.support.DependencyInjectionTestExecutionListener, org.springframework.test.context.support.DirtiesContextTestExecutionListener, org.springframework.test.context.transaction.TransactionalTestExecutionListener, org.springframework.test.context.jdbc.SqlScriptsTestExecutionListener]
[INFO] [2017-11-09 15:48:55][org.springframework.test.context.support.DefaultTestContextBootstrapper]Using TestExecutionListeners: [org.springframework.test.context.web.ServletTestExecutionListener@4bdc94ea, org.springframework.test.context.support.DirtiesContextBeforeModesTestExecutionListener@7eb4b58e, org.springframework.test.context.support.DependencyInjectionTestExecutionListener@9fbbe9f, org.springframework.test.context.support.DirtiesContextTestExecutionListener@6e9fbdd7, org.springframework.test.context.transaction.TransactionalTestExecutionListener@3968a6fe, org.springframework.test.context.jdbc.SqlScriptsTestExecutionListener@5ab8b24]
[INFO] [2017-11-09 15:48:55][org.springframework.beans.factory.xml.XmlBeanDefinitionReader]Loading XML bean definitions from class path resource [spring-mybatis.xml]
[INFO] [2017-11-09 15:48:55][org.springframework.context.support.GenericApplicationContext]Refreshing org.springframework.context.support.GenericApplicationContext@77a7014d: startup date [Thu Nov 09 15:48:55 CST 2017]; root of context hierarchy
[WARN] [2017-11-09 15:48:56][org.mybatis.spring.mapper.ClassPathMapperScanner]No MyBatis mapper was found in '[com.test.ssm.dao]' package. Please check your configuration.
[INFO] [2017-11-09 15:48:56][org.springframework.beans.factory.config.PropertyPlaceholderConfigurer]Loading properties file from class path resource [jdbc.properties]
[INFO] [2017-11-09 15:48:56][org.springframework.beans.factory.annotation.AutowiredAnnotationBeanPostProcessor]JSR-330 'javax.inject.Inject' annotation found and supported for autowiring
[WARN] [2017-11-09 15:48:56][org.springframework.context.support.GenericApplicationContext]Exception encountered during context initialization - cancelling refresh attempt: org.springframework.beans.factory.BeanCreationException: Error creating bean with name 'UserService': Injection of resource dependencies failed; nested exception is org.springframework.beans.factory.NoSuchBeanDefinitionException: No qualifying bean found for dependency [com.fanj.ssm.dao.UserDao]: expected at least 1 bean which qualifies as autowire candidate. Dependency annotations: {@javax.annotation.Resource(shareable=true, mappedName=, description=, name=, type=class java.lang.Object, lookup=, authenticationType=CONTAINER)}
[ERROR] [2017-11-09 15:48:56][org.springframework.test.context.TestContextManager]Caught exception while allowing TestExecutionListener [org.springframework.test.context.support.DependencyInjectionTestExecutionListener@9fbbe9f] to prepare test instance [com.test.TestMyBatisBySpring@26cffd3e]
java.lang.IllegalStateException: Failed to load ApplicationContext
	at org.springframework.test.context.cache.DefaultCacheAwareContextLoaderDelegate.loadContext(DefaultCacheAwareContextLoaderDelegate.java:124)
	at org.springframework.test.context.support.DefaultTestContext.getApplicationContext(DefaultTestContext.java:83)
	at org.springframework.test.context.support.DependencyInjectionTestExecutionListener.injectDependencies(DependencyInjectionTestExecutionListener.java:117)
	at org.springframework.test.context.support.DependencyInjectionTestExecutionListener.prepareTestInstance(DependencyInjectionTestExecutionListener.java:83)
	at org.springframework.test.context.TestContextManager.prepareTestInstance(TestContextManager.java:230)
	at org.springframework.test.context.junit4.SpringJUnit4ClassRunner.createTest(SpringJUnit4ClassRunner.java:228)
	at org.springframework.test.context.junit4.SpringJUnit4ClassRunner$1.runReflectiveCall(SpringJUnit4ClassRunner.java:287)
	at org.junit.internal.runners.model.ReflectiveCallable.run(ReflectiveCallable.java:12)
	at org.springframework.test.context.junit4.SpringJUnit4ClassRunner.methodBlock(SpringJUnit4ClassRunner.java:289)
	at org.springframework.test.context.junit4.SpringJUnit4ClassRunner.runChild(SpringJUnit4ClassRunner.java:247)
	at org.springframework.test.context.junit4.SpringJUnit4ClassRunner.runChild(SpringJUnit4ClassRunner.java:94)
	at org.junit.runners.ParentRunner$3.run(ParentRunner.java:290)
	at org.junit.runners.ParentRunner$1.schedule(ParentRunner.java:71)
	at org.junit.runners.ParentRunner.runChildren(ParentRunner.java:288)
	at org.junit.runners.ParentRunner.access$000(ParentRunner.java:58)
	at org.junit.runners.ParentRunner$2.evaluate(ParentRunner.java:268)
	at org.springframework.test.context.junit4.statements.RunBeforeTestClassCallbacks.evaluate(RunBeforeTestClassCallbacks.java:61)
	at org.springframework.test.context.junit4.statements.RunAfterTestClassCallbacks.evaluate(RunAfterTestClassCallbacks.java:70)
	at org.junit.runners.ParentRunner.run(ParentRunner.java:363)
	at org.springframework.test.context.junit4.SpringJUnit4ClassRunner.run(SpringJUnit4ClassRunner.java:191)
	at org.eclipse.jdt.internal.junit4.runner.JUnit4TestReference.run(JUnit4TestReference.java:86)
	at org.eclipse.jdt.internal.junit.runner.TestExecution.run(TestExecution.java:38)
	at org.eclipse.jdt.internal.junit.runner.RemoteTestRunner.runTests(RemoteTestRunner.java:459)
	at org.eclipse.jdt.internal.junit.runner.RemoteTestRunner.runTests(RemoteTestRunner.java:675)
	at org.eclipse.jdt.internal.junit.runner.RemoteTestRunner.run(RemoteTestRunner.java:382)
	at org.eclipse.jdt.internal.junit.runner.RemoteTestRunner.main(RemoteTestRunner.java:192)
Caused by: org.springframework.beans.factory.BeanCreationException: Error creating bean with name 'UserService': Injection of resource dependencies failed; nested exception is org.springframework.beans.factory.NoSuchBeanDefinitionException: No qualifying bean found for dependency [com.fanj.ssm.dao.UserDao]: expected at least 1 bean which qualifies as autowire candidate. Dependency annotations: {@javax.annotation.Resource(shareable=true, mappedName=, description=, name=, type=class java.lang.Object, lookup=, authenticationType=CONTAINER)}
	at org.springframework.context.annotation.CommonAnnotationBeanPostProcessor.postProcessPropertyValues(CommonAnnotationBeanPostProcessor.java:321)
	at org.springframework.beans.factory.support.AbstractAutowireCapableBeanFactory.populateBean(AbstractAutowireCapableBeanFactory.java:1219)
	at org.springframework.beans.factory.support.AbstractAutowireCapableBeanFactory.doCreateBean(AbstractAutowireCapableBeanFactory.java:543)
	at org.springframework.beans.factory.support.AbstractAutowireCapableBeanFactory.createBean(AbstractAutowireCapableBeanFactory.java:482)
	at org.springframework.beans.factory.support.AbstractBeanFactory$1.getObject(AbstractBeanFactory.java:306)
	at org.springframework.beans.factory.support.DefaultSingletonBeanRegistry.getSingleton(DefaultSingletonBeanRegistry.java:230)
	at org.springframework.beans.factory.support.AbstractBeanFactory.doGetBean(AbstractBeanFactory.java:302)
	at org.springframework.beans.factory.support.AbstractBeanFactory.getBean(AbstractBeanFactory.java:197)
	at org.springframework.beans.factory.support.DefaultListableBeanFactory.preInstantiateSingletons(DefaultListableBeanFactory.java:751)
	at org.springframework.context.support.AbstractApplicationContext.finishBeanFactoryInitialization(AbstractApplicationContext.java:861)
	at org.springframework.context.support.AbstractApplicationContext.refresh(AbstractApplicationContext.java:541)
	at org.springframework.test.context.support.AbstractGenericContextLoader.loadContext(AbstractGenericContextLoader.java:128)
	at org.springframework.test.context.support.AbstractGenericContextLoader.loadContext(AbstractGenericContextLoader.java:60)
	at org.springframework.test.context.support.AbstractDelegatingSmartContextLoader.delegateLoading(AbstractDelegatingSmartContextLoader.java:108)
	at org.springframework.test.context.support.AbstractDelegatingSmartContextLoader.loadContext(AbstractDelegatingSmartContextLoader.java:251)
	at org.springframework.test.context.cache.DefaultCacheAwareContextLoaderDelegate.loadContextInternal(DefaultCacheAwareContextLoaderDelegate.java:98)
	at org.springframework.test.context.cache.DefaultCacheAwareContextLoaderDelegate.loadContext(DefaultCacheAwareContextLoaderDelegate.java:116)
	... 25 more
Caused by: org.springframework.beans.factory.NoSuchBeanDefinitionException: No qualifying bean found for dependency [com.fanj.ssm.dao.UserDao]: expected at least 1 bean which qualifies as autowire candidate. Dependency annotations: {@javax.annotation.Resource(shareable=true, mappedName=, description=, name=, type=class java.lang.Object, lookup=, authenticationType=CONTAINER)}
	at org.springframework.beans.factory.support.DefaultListableBeanFactory.raiseNoMatchingBeanFound(DefaultListableBeanFactory.java:1463)
	at org.springframework.beans.factory.support.DefaultListableBeanFactory.doResolveDependency(DefaultListableBeanFactory.java:1094)
	at org.springframework.beans.factory.support.DefaultListableBeanFactory.resolveDependency(DefaultListableBeanFactory.java:1056)
	at org.springframework.context.annotation.CommonAnnotationBeanPostProcessor.autowireResource(CommonAnnotationBeanPostProcessor.java:518)
	at org.springframework.context.annotation.CommonAnnotationBeanPostProcessor.getResource(CommonAnnotationBeanPostProcessor.java:496)
	at org.springframework.context.annotation.CommonAnnotationBeanPostProcessor$ResourceElement.getResourceToInject(CommonAnnotationBeanPostProcessor.java:627)
	at org.springframework.beans.factory.annotation.InjectionMetadata$InjectedElement.inject(InjectionMetadata.java:169)
	at org.springframework.beans.factory.annotation.InjectionMetadata.inject(InjectionMetadata.java:88)
	at org.springframework.context.annotation.CommonAnnotationBeanPostProcessor.postProcessPropertyValues(CommonAnnotationBeanPostProcessor.java:318)
	... 41 more
[INFO] [2017-11-09 15:50:01][org.springframework.context.support.ClassPathXmlApplicationContext]Refreshing org.springframework.context.support.ClassPathXmlApplicationContext@1f022eb0: startup date [Thu Nov 09 15:50:01 CST 2017]; root of context hierarchy
[INFO] [2017-11-09 15:50:01][org.springframework.beans.factory.xml.XmlBeanDefinitionReader]Loading XML bean definitions from class path resource [spring-mybatis.xml]
[WARN] [2017-11-09 15:50:02][org.mybatis.spring.mapper.ClassPathMapperScanner]No MyBatis mapper was found in '[com.test.ssm.dao]' package. Please check your configuration.
[INFO] [2017-11-09 15:50:02][org.springframework.beans.factory.config.PropertyPlaceholderConfigurer]Loading properties file from class path resource [jdbc.properties]
[INFO] [2017-11-09 15:50:02][org.springframework.beans.factory.annotation.AutowiredAnnotationBeanPostProcessor]JSR-330 'javax.inject.Inject' annotation found and supported for autowiring
[WARN] [2017-11-09 15:50:02][org.springframework.context.support.ClassPathXmlApplicationContext]Exception encountered during context initialization - cancelling refresh attempt: org.springframework.beans.factory.BeanCreationException: Error creating bean with name 'UserService': Injection of resource dependencies failed; nested exception is org.springframework.beans.factory.NoSuchBeanDefinitionException: No qualifying bean found for dependency [com.fanj.ssm.dao.UserDao]: expected at least 1 bean which qualifies as autowire candidate. Dependency annotations: {@javax.annotation.Resource(shareable=true, mappedName=, description=, name=, type=class java.lang.Object, lookup=, authenticationType=CONTAINER)}
[INFO] [2017-11-09 15:54:20][org.springframework.context.support.ClassPathXmlApplicationContext]Refreshing org.springframework.context.support.ClassPathXmlApplicationContext@484734b7: startup date [Thu Nov 09 15:54:20 CST 2017]; root of context hierarchy
[INFO] [2017-11-09 15:54:20][org.springframework.beans.factory.xml.XmlBeanDefinitionReader]Loading XML bean definitions from class path resource [spring-mybatis.xml]
[INFO] [2017-11-09 15:54:21][org.springframework.beans.factory.config.PropertyPlaceholderConfigurer]Loading properties file from class path resource [jdbc.properties]
[INFO] [2017-11-09 15:54:21][org.springframework.beans.factory.annotation.AutowiredAnnotationBeanPostProcessor]JSR-330 'javax.inject.Inject' annotation found and supported for autowiring
[WARN] [2017-11-09 15:54:21][org.springframework.context.support.ClassPathXmlApplicationContext]Exception encountered during context initialization - cancelling refresh attempt: org.springframework.beans.factory.BeanCreationException: Error creating bean with name 'UserService': Injection of resource dependencies failed; nested exception is org.springframework.beans.factory.BeanCreationException: Error creating bean with name 'userDao' defined in file [D:\developtool\eclipse\workspace\test01\target\classes\com\fanj\ssm\dao\UserDao.class]: Cannot resolve reference to bean 'sqlSessionFactory' while setting bean property 'sqlSessionFactory'; nested exception is org.springframework.beans.factory.BeanCreationException: Error creating bean with name 'sqlSessionFactory' defined in class path resource [spring-mybatis.xml]: Error setting property values; nested exception is org.springframework.beans.NotWritablePropertyException: Invalid property 'dateSource' of bean class [org.mybatis.spring.SqlSessionFactoryBean]: Bean property 'dateSource' is not writable or has an invalid setter method. Did you mean 'dataSource'?
[INFO] [2017-11-09 15:56:13][org.springframework.context.support.ClassPathXmlApplicationContext]Refreshing org.springframework.context.support.ClassPathXmlApplicationContext@3775f532: startup date [Thu Nov 09 15:56:13 CST 2017]; root of context hierarchy
[INFO] [2017-11-09 15:56:13][org.springframework.beans.factory.xml.XmlBeanDefinitionReader]Loading XML bean definitions from class path resource [spring-mybatis.xml]
[INFO] [2017-11-09 15:56:14][org.springframework.beans.factory.config.PropertyPlaceholderConfigurer]Loading properties file from class path resource [jdbc.properties]
[INFO] [2017-11-09 15:56:14][org.springframework.beans.factory.annotation.AutowiredAnnotationBeanPostProcessor]JSR-330 'javax.inject.Inject' annotation found and supported for autowiring
[INFO] [2017-11-09 15:57:33][org.springframework.context.support.ClassPathXmlApplicationContext]Refreshing org.springframework.context.support.ClassPathXmlApplicationContext@768afd65: startup date [Thu Nov 09 15:57:33 CST 2017]; root of context hierarchy
[INFO] [2017-11-09 15:57:33][org.springframework.beans.factory.xml.XmlBeanDefinitionReader]Loading XML bean definitions from class path resource [spring-mybatis.xml]
[INFO] [2017-11-09 15:57:34][org.springframework.beans.factory.config.PropertyPlaceholderConfigurer]Loading properties file from class path resource [jdbc.properties]
[INFO] [2017-11-09 15:57:34][org.springframework.beans.factory.annotation.AutowiredAnnotationBeanPostProcessor]JSR-330 'javax.inject.Inject' annotation found and supported for autowiring
[INFO] [2017-11-09 15:58:10][org.springframework.context.support.ClassPathXmlApplicationContext]Refreshing org.springframework.context.support.ClassPathXmlApplicationContext@3ad5ff73: startup date [Thu Nov 09 15:58:10 CST 2017]; root of context hierarchy
[INFO] [2017-11-09 15:58:10][org.springframework.beans.factory.xml.XmlBeanDefinitionReader]Loading XML bean definitions from class path resource [spring-mybatis.xml]
[INFO] [2017-11-09 15:58:11][org.springframework.beans.factory.config.PropertyPlaceholderConfigurer]Loading properties file from class path resource [jdbc.properties]
[INFO] [2017-11-09 15:58:11][org.springframework.beans.factory.annotation.AutowiredAnnotationBeanPostProcessor]JSR-330 'javax.inject.Inject' annotation found and supported for autowiring
[INFO] [2017-11-09 15:58:12][org.springframework.context.support.ClassPathXmlApplicationContext]Refreshing org.springframework.context.support.ClassPathXmlApplicationContext@628b54f4: startup date [Thu Nov 09 15:58:12 CST 2017]; root of context hierarchy
[INFO] [2017-11-09 15:58:12][org.springframework.beans.factory.xml.XmlBeanDefinitionReader]Loading XML bean definitions from class path resource [spring-mybatis.xml]
[INFO] [2017-11-09 15:58:12][org.springframework.beans.factory.config.PropertyPlaceholderConfigurer]Loading properties file from class path resource [jdbc.properties]
[INFO] [2017-11-09 15:58:12][org.springframework.beans.factory.annotation.AutowiredAnnotationBeanPostProcessor]JSR-330 'javax.inject.Inject' annotation found and supported for autowiring
[INFO] [2017-11-09 15:58:12][org.springframework.beans.factory.xml.XmlBeanDefinitionReader]Loading XML bean definitions from class path resource [org/springframework/jdbc/support/sql-error-codes.xml]
[INFO] [2017-11-09 15:58:12][org.springframework.jdbc.support.SQLErrorCodesFactory]SQLErrorCodes loaded: [DB2, Derby, H2, HSQL, Informix, MS-SQL, MySQL, Oracle, PostgreSQL, Sybase, Hana]
[INFO] [2017-11-09 15:59:07][org.springframework.context.support.ClassPathXmlApplicationContext]Refreshing org.springframework.context.support.ClassPathXmlApplicationContext@3ad5ff73: startup date [Thu Nov 09 15:59:07 CST 2017]; root of context hierarchy
[INFO] [2017-11-09 15:59:07][org.springframework.beans.factory.xml.XmlBeanDefinitionReader]Loading XML bean definitions from class path resource [spring-mybatis.xml]
[INFO] [2017-11-09 15:59:07][org.springframework.beans.factory.config.PropertyPlaceholderConfigurer]Loading properties file from class path resource [jdbc.properties]
[INFO] [2017-11-09 15:59:08][org.springframework.beans.factory.annotation.AutowiredAnnotationBeanPostProcessor]JSR-330 'javax.inject.Inject' annotation found and supported for autowiring
[INFO] [2017-11-09 15:59:08][org.springframework.context.support.ClassPathXmlApplicationContext]Refreshing org.springframework.context.support.ClassPathXmlApplicationContext@3b204ae6: startup date [Thu Nov 09 15:59:08 CST 2017]; root of context hierarchy
[INFO] [2017-11-09 15:59:08][org.springframework.beans.factory.xml.XmlBeanDefinitionReader]Loading XML bean definitions from class path resource [spring-mybatis.xml]
[INFO] [2017-11-09 15:59:08][org.springframework.beans.factory.config.PropertyPlaceholderConfigurer]Loading properties file from class path resource [jdbc.properties]
[INFO] [2017-11-09 15:59:08][org.springframework.beans.factory.annotation.AutowiredAnnotationBeanPostProcessor]JSR-330 'javax.inject.Inject' annotation found and supported for autowiring
[INFO] [2017-11-09 15:59:17][org.springframework.test.context.support.DefaultTestContextBootstrapper]Loaded default TestExecutionListener class names from location [META-INF/spring.factories]: [org.springframework.test.context.web.ServletTestExecutionListener, org.springframework.test.context.support.DirtiesContextBeforeModesTestExecutionListener, org.springframework.test.context.support.DependencyInjectionTestExecutionListener, org.springframework.test.context.support.DirtiesContextTestExecutionListener, org.springframework.test.context.transaction.TransactionalTestExecutionListener, org.springframework.test.context.jdbc.SqlScriptsTestExecutionListener]
[INFO] [2017-11-09 15:59:17][org.springframework.test.context.support.DefaultTestContextBootstrapper]Using TestExecutionListeners: [org.springframework.test.context.web.ServletTestExecutionListener@7f3a4a2f, org.springframework.test.context.support.DirtiesContextBeforeModesTestExecutionListener@4bdc94ea, org.springframework.test.context.support.DependencyInjectionTestExecutionListener@7eb4b58e, org.springframework.test.context.support.DirtiesContextTestExecutionListener@9fbbe9f, org.springframework.test.context.transaction.TransactionalTestExecutionListener@6e9fbdd7, org.springframework.test.context.jdbc.SqlScriptsTestExecutionListener@3968a6fe]
[INFO] [2017-11-09 15:59:17][org.springframework.beans.factory.xml.XmlBeanDefinitionReader]Loading XML bean definitions from class path resource [spring-mybatis.xml]
[INFO] [2017-11-09 15:59:17][org.springframework.context.support.GenericApplicationContext]Refreshing org.springframework.context.support.GenericApplicationContext@77764cb8: startup date [Thu Nov 09 15:59:17 CST 2017]; root of context hierarchy
[INFO] [2017-11-09 15:59:18][org.springframework.beans.factory.config.PropertyPlaceholderConfigurer]Loading properties file from class path resource [jdbc.properties]
[INFO] [2017-11-09 15:59:18][org.springframework.beans.factory.annotation.AutowiredAnnotationBeanPostProcessor]JSR-330 'javax.inject.Inject' annotation found and supported for autowiring
[INFO] [2017-11-09 15:59:19][com.test.TestMyBatisBySpring]值：杜甫
[INFO] [2017-11-09 15:59:19][com.test.TestMyBatisBySpring]{"age":23,"id":2,"password":"654321","userName":"杜甫"}
[INFO] [2017-11-09 15:59:19][org.springframework.context.support.GenericApplicationContext]Closing org.springframework.context.support.GenericApplicationContext@77764cb8: startup date [Thu Nov 09 15:59:17 CST 2017]; root of context hierarchy
[INFO] [2017-11-09 16:00:03][org.springframework.test.context.support.DefaultTestContextBootstrapper]Loaded default TestExecutionListener class names from location [META-INF/spring.factories]: [org.springframework.test.context.web.ServletTestExecutionListener, org.springframework.test.context.support.DirtiesContextBeforeModesTestExecutionListener, org.springframework.test.context.support.DependencyInjectionTestExecutionListener, org.springframework.test.context.support.DirtiesContextTestExecutionListener, org.springframework.test.context.transaction.TransactionalTestExecutionListener, org.springframework.test.context.jdbc.SqlScriptsTestExecutionListener]
[INFO] [2017-11-09 16:00:03][org.springframework.test.context.support.DefaultTestContextBootstrapper]Using TestExecutionListeners: [org.springframework.test.context.web.ServletTestExecutionListener@3e3ca41c, org.springframework.test.context.support.DirtiesContextBeforeModesTestExecutionListener@7f3a4a2f, org.springframework.test.context.support.DependencyInjectionTestExecutionListener@4bdc94ea, org.springframework.test.context.support.DirtiesContextTestExecutionListener@7eb4b58e, org.springframework.test.context.transaction.TransactionalTestExecutionListener@9fbbe9f, org.springframework.test.context.jdbc.SqlScriptsTestExecutionListener@6e9fbdd7]
[INFO] [2017-11-09 16:00:04][org.springframework.beans.factory.xml.XmlBeanDefinitionReader]Loading XML bean definitions from class path resource [spring-mybatis.xml]
[INFO] [2017-11-09 16:00:04][org.springframework.context.support.GenericApplicationContext]Refreshing org.springframework.context.support.GenericApplicationContext@77c63ba6: startup date [Thu Nov 09 16:00:04 CST 2017]; root of context hierarchy
[INFO] [2017-11-09 16:00:04][org.springframework.beans.factory.config.PropertyPlaceholderConfigurer]Loading properties file from class path resource [jdbc.properties]
[INFO] [2017-11-09 16:00:04][org.springframework.beans.factory.annotation.AutowiredAnnotationBeanPostProcessor]JSR-330 'javax.inject.Inject' annotation found and supported for autowiring
[INFO] [2017-11-09 16:00:05][com.test.TestMyBatisBySpring]值：杜甫
[INFO] [2017-11-09 16:00:05][com.test.TestMyBatisBySpring]{"age":23,"id":2,"password":"654321","userName":"杜甫"}
[INFO] [2017-11-09 16:00:05][com.test.TestMyBatisBySpring]count:1
[INFO] [2017-11-09 16:00:05][org.springframework.context.support.GenericApplicationContext]Closing org.springframework.context.support.GenericApplicationContext@77c63ba6: startup date [Thu Nov 09 16:00:04 CST 2017]; root of context hierarchy
[INFO] [2017-11-14 16:07:37][redis.clients.jedis.RedisListJava]连接成功
[INFO] [2017-11-14 16:07:59][redis.clients.jedis.RedisListJava]连接成功
[INFO] [2017-11-14 16:07:59][redis.clients.jedis.RedisListJava]列表项为: Taobao
[INFO] [2017-11-14 16:07:59][redis.clients.jedis.RedisListJava]列表项为: Google
[INFO] [2017-11-14 16:07:59][redis.clients.jedis.RedisListJava]列表项为: Runoob
[INFO] [2017-11-14 17:03:26][redis.clients.jedis.JedisDemo]runoobkey
[INFO] [2017-11-14 17:03:26][redis.clients.jedis.JedisDemo]site-list
[INFO] [2017-11-14 17:07:09][redis.clients.jedis.JedisDemo]runoobkey
[INFO] [2017-11-14 17:07:09][redis.clients.jedis.JedisDemo]site-list
[INFO] [2017-11-14 17:07:09][redis.clients.jedis.JedisDemo]-1
[INFO] [2017-11-14 17:23:20][redis.clients.jedis.JedisDemo]runoobkey
[INFO] [2017-11-14 17:23:20][redis.clients.jedis.JedisDemo]site-list
[INFO] [2017-11-14 17:23:20][redis.clients.jedis.JedisDemo]-1
[INFO] [2017-11-14 17:23:20][redis.clients.jedis.JedisDemo]list
[INFO] [2017-11-14 17:23:20][redis.clients.jedis.JedisDemo]1
[INFO] [2017-11-14 17:23:20][redis.clients.jedis.JedisDemo]3
[INFO] [2017-11-14 17:23:20][redis.clients.jedis.JedisDemo]4
[INFO] [2017-11-14 17:23:20][redis.clients.jedis.JedisDemo]6
[INFO] [2017-11-14 17:23:20][redis.clients.jedis.JedisDemo]8
[INFO] [2017-11-15 09:36:16][redis.clients.jedis.JedisDemo]9
[INFO] [2017-11-15 09:36:16][redis.clients.jedis.JedisDemo]上海奉贤区
[INFO] [2017-11-15 09:36:16][redis.clients.jedis.JedisDemo]1111
[INFO] [2017-11-15 09:36:16][redis.clients.jedis.JedisDemo]2222
[INFO] [2017-11-15 13:22:57][redis.clients.jedis.JedisDemo]jzkangta
[INFO] [2017-11-15 13:22:57][redis.clients.jedis.JedisDemo]www.google.cn
[INFO] [2017-11-15 13:22:57][redis.clients.jedis.JedisDemo]www.baidu.com
[INFO] [2017-11-15 13:22:57][redis.clients.jedis.JedisDemo]www.sina.com
[INFO] [2017-11-15 13:22:57][redis.clients.jedis.JedisDemo]key:baidu   value:www.baidu.com
[INFO] [2017-11-15 13:22:57][redis.clients.jedis.JedisDemo]key:sina   value:www.sina.com
[INFO] [2017-11-15 13:22:57][redis.clients.jedis.JedisDemo]key:google   value:www.google.cn
[INFO] [2017-11-15 13:32:50][redis.clients.jedis.JedisDemo]jkl
[INFO] [2017-11-15 13:32:50][redis.clients.jedis.JedisDemo]ghi
[INFO] [2017-11-15 13:32:50][redis.clients.jedis.JedisDemo]def
[INFO] [2017-11-15 13:32:50][redis.clients.jedis.JedisDemo]abc
[INFO] [2017-11-15 13:32:50][redis.clients.jedis.JedisDemo]Taobao
[INFO] [2017-11-15 13:32:50][redis.clients.jedis.JedisDemo]Google
[INFO] [2017-11-15 13:32:50][redis.clients.jedis.JedisDemo]Runoob
[INFO] [2017-11-15 13:32:50][redis.clients.jedis.JedisDemo]Taobao
[INFO] [2017-11-15 13:32:50][redis.clients.jedis.JedisDemo]Google
[INFO] [2017-11-15 13:32:50][redis.clients.jedis.JedisDemo]Runoob
[INFO] [2017-11-15 15:03:40][redis.clients.jedis.JedisDemo]true
[INFO] [2017-11-15 15:04:14][redis.clients.jedis.JedisDemo]true
[INFO] [2017-11-15 15:04:31][redis.clients.jedis.JedisDemo]true
[INFO] [2017-11-15 15:05:07][redis.clients.jedis.JedisDemo]s4
[INFO] [2017-11-15 15:05:07][redis.clients.jedis.JedisDemo]s1
[INFO] [2017-11-15 15:05:07][redis.clients.jedis.JedisDemo]s3
[INFO] [2017-11-15 15:05:07][redis.clients.jedis.JedisDemo]s2
[INFO] [2017-11-15 15:05:07][redis.clients.jedis.JedisDemo]true
[INFO] [2017-11-15 15:08:37][redis.clients.jedis.JedisDemo]s4
[INFO] [2017-11-15 15:08:38][redis.clients.jedis.JedisDemo]s3
[INFO] [2017-11-15 15:08:39][redis.clients.jedis.JedisDemo]s1
[INFO] [2017-11-15 15:08:40][redis.clients.jedis.JedisDemo]s2
[INFO] [2017-11-15 15:08:42][redis.clients.jedis.JedisDemo]s5
[INFO] [2017-11-15 15:09:05][redis.clients.jedis.JedisDemo]true
[INFO] [2017-11-15 15:09:48][redis.clients.jedis.JedisDemo]s4
[INFO] [2017-11-15 15:09:49][redis.clients.jedis.JedisDemo]s5
[INFO] [2017-11-15 15:09:50][redis.clients.jedis.JedisDemo]s1
[INFO] [2017-11-15 15:09:50][redis.clients.jedis.JedisDemo]s3
[INFO] [2017-11-15 15:09:51][redis.clients.jedis.JedisDemo]s2
[INFO] [2017-11-15 15:10:04][redis.clients.jedis.JedisDemo]s4
[INFO] [2017-11-15 15:10:06][redis.clients.jedis.JedisDemo]s1
[INFO] [2017-11-15 15:10:07][redis.clients.jedis.JedisDemo]s3
[INFO] [2017-11-15 15:10:09][redis.clients.jedis.JedisDemo]s2
[INFO] [2017-11-15 15:10:10][redis.clients.jedis.JedisDemo]true
